<?xml version="1.0" encoding="UTF-8"?>
<!-- Generated by org.testng.reporters.JUnitReportReporter -->
<testsuite hostname="C40LAP-15146" failures="0" tests="1" name="Runner.TestRunner" time="27.048" errors="0" timestamp="16 Feb 2023 04:03:03 GMT" skipped="0">
  <testcase classname="Runner.TestRunner" name="runScenario" time="27.048"/>
</testsuite> <!-- Runner.TestRunner -->
